<?xml version="1.0" encoding="UTF-8"?>
<!-- Generated by org.testng.reporters.JUnitReportReporter -->
<testsuite skipped="0" hostname="NODLTP50024558" name="com.qa.tests.GetAPITest" tests="2" failures="0" timestamp="2020-04-02T16:43:44 IST" time="2.236" errors="0">
  <testcase name="getTestWithHeaders" time="1.864" classname="com.qa.tests.GetAPITest"/>
  <system-out/>
  <testcase name="getTestWithoutHeaders" time="0.372" classname="com.qa.tests.GetAPITest"/>
  <system-out/>
</testsuite> <!-- com.qa.tests.GetAPITest -->
