<?xml version="1.0" encoding="UTF-8"?>
<!-- Generated by org.testng.reporters.JUnitReportReporter -->
<testsuite skipped="0" hostname="NODLTP50024558" name="com.qa.tests.PostAPITest" tests="1" failures="0" timestamp="2020-03-31T01:52:37 IST" time="1.475" errors="0">
  <testcase name="postAPITest" time="1.475" classname="com.qa.tests.PostAPITest"/>
  <system-out/>
</testsuite> <!-- com.qa.tests.PostAPITest -->
